e:\c语言\进厂\easyx教程代码\3图形绘制\debug\vc143.pdb
e:\c语言\进厂\easyx教程代码\3图形绘制\debug\vc143.idb
e:\c语言\进厂\easyx教程代码\3图形绘制\debug\11图形镂空清除.obj
e:\c语言\进厂\easyx教程代码\3图形绘制\debug\10区域填充颜色.obj
e:\c语言\进厂\easyx教程代码\3图形绘制\debug\08多边形.obj
e:\c语言\进厂\easyx教程代码\3图形绘制\debug\07扇形.obj
e:\c语言\进厂\easyx教程代码\3图形绘制\debug\06圆弧形.obj
e:\c语言\进厂\easyx教程代码\3图形绘制\debug\05圆角矩形.obj
e:\c语言\进厂\easyx教程代码\3图形绘制\debug\04矩形.obj
e:\c语言\进厂\easyx教程代码\3图形绘制\debug\03椭圆形.obj
e:\c语言\进厂\easyx教程代码\3图形绘制\debug\02圆形.obj
e:\c语言\进厂\easyx教程代码\3图形绘制\debug\01画线.obj
e:\c语言\进厂\easyx教程代码\3图形绘制\debug\00画布宽高.obj
e:\c语言\进厂\debug\03图形绘制.exe
e:\c语言\进厂\debug\03图形绘制.pdb
e:\c语言\进厂\easyx教程代码\3图形绘制\debug\03图形绘制.ilk
e:\c语言\进厂\easyx教程代码\3图形绘制\debug\vc142.idb
e:\c语言\进厂\easyx教程代码\3图形绘制\debug\vc142.pdb
e:\c语言\进厂\easyx教程代码\3图形绘制\debug\03图形绘制.tlog\cl.command.1.tlog
e:\c语言\进厂\easyx教程代码\3图形绘制\debug\03图形绘制.tlog\cl.items.tlog
e:\c语言\进厂\easyx教程代码\3图形绘制\debug\03图形绘制.tlog\cl.read.1.tlog
e:\c语言\进厂\easyx教程代码\3图形绘制\debug\03图形绘制.tlog\cl.write.1.tlog
e:\c语言\进厂\easyx教程代码\3图形绘制\debug\03图形绘制.tlog\link.command.1.tlog
e:\c语言\进厂\easyx教程代码\3图形绘制\debug\03图形绘制.tlog\link.read.1.tlog
e:\c语言\进厂\easyx教程代码\3图形绘制\debug\03图形绘制.tlog\link.secondary.1.tlog
e:\c语言\进厂\easyx教程代码\3图形绘制\debug\03图形绘制.tlog\link.write.1.tlog
