e:\c语言\进厂\todo_c_1_4\x64\debug\vc143.pdb
e:\c语言\进厂\todo_c_1_4\x64\debug\vc143.idb
e:\c语言\进厂\todo_c_1_4\x64\debug\2.obj
e:\c语言\进厂\todo_c_1_4\x64\debug\1.obj
e:\c语言\进厂\todo_c_1_4\x64\debug\3.obj
e:\c语言\进厂\todo_c_1_4\x64\debug\密码强弱.obj
e:\c语言\进厂\todo_c_1_4\x64\debug\随机数.obj
e:\c语言\进厂\x64\debug\todo_c_1_4.exe
e:\c语言\进厂\x64\debug\todo_c_1_4.pdb
e:\c语言\进厂\todo_c_1_4\x64\debug\todo_c_1_4.ilk
e:\c语言\进厂\todo_c_1_4\x64\debug\todo_c_1_4.tlog\cl.command.1.tlog
e:\c语言\进厂\todo_c_1_4\x64\debug\todo_c_1_4.tlog\cl.items.tlog
e:\c语言\进厂\todo_c_1_4\x64\debug\todo_c_1_4.tlog\cl.read.1.tlog
e:\c语言\进厂\todo_c_1_4\x64\debug\todo_c_1_4.tlog\cl.write.1.tlog
e:\c语言\进厂\todo_c_1_4\x64\debug\todo_c_1_4.tlog\link-cvtres.read.1.tlog
e:\c语言\进厂\todo_c_1_4\x64\debug\todo_c_1_4.tlog\link-cvtres.write.1.tlog
e:\c语言\进厂\todo_c_1_4\x64\debug\todo_c_1_4.tlog\link-rc.read.1.tlog
e:\c语言\进厂\todo_c_1_4\x64\debug\todo_c_1_4.tlog\link-rc.write.1.tlog
e:\c语言\进厂\todo_c_1_4\x64\debug\todo_c_1_4.tlog\link.26148-cvtres.read.1.tlog
e:\c语言\进厂\todo_c_1_4\x64\debug\todo_c_1_4.tlog\link.26148-cvtres.write.1.tlog
e:\c语言\进厂\todo_c_1_4\x64\debug\todo_c_1_4.tlog\link.26148-rc.read.1.tlog
e:\c语言\进厂\todo_c_1_4\x64\debug\todo_c_1_4.tlog\link.26148-rc.write.1.tlog
e:\c语言\进厂\todo_c_1_4\x64\debug\todo_c_1_4.tlog\link.26148.read.1.tlog
e:\c语言\进厂\todo_c_1_4\x64\debug\todo_c_1_4.tlog\link.26148.read.2.tlog
e:\c语言\进厂\todo_c_1_4\x64\debug\todo_c_1_4.tlog\link.26148.read.3.tlog
e:\c语言\进厂\todo_c_1_4\x64\debug\todo_c_1_4.tlog\link.26148.read.4.tlog
e:\c语言\进厂\todo_c_1_4\x64\debug\todo_c_1_4.tlog\link.26148.read.5.tlog
e:\c语言\进厂\todo_c_1_4\x64\debug\todo_c_1_4.tlog\link.26148.read.6.tlog
e:\c语言\进厂\todo_c_1_4\x64\debug\todo_c_1_4.tlog\link.26148.write.1.tlog
e:\c语言\进厂\todo_c_1_4\x64\debug\todo_c_1_4.tlog\link.command.1.tlog
e:\c语言\进厂\todo_c_1_4\x64\debug\todo_c_1_4.tlog\link.read.1.tlog
e:\c语言\进厂\todo_c_1_4\x64\debug\todo_c_1_4.tlog\link.read.2.tlog
e:\c语言\进厂\todo_c_1_4\x64\debug\todo_c_1_4.tlog\link.read.3.tlog
e:\c语言\进厂\todo_c_1_4\x64\debug\todo_c_1_4.tlog\link.read.4.tlog
e:\c语言\进厂\todo_c_1_4\x64\debug\todo_c_1_4.tlog\link.read.5.tlog
e:\c语言\进厂\todo_c_1_4\x64\debug\todo_c_1_4.tlog\link.read.6.tlog
e:\c语言\进厂\todo_c_1_4\x64\debug\todo_c_1_4.tlog\link.secondary.1.tlog
e:\c语言\进厂\todo_c_1_4\x64\debug\todo_c_1_4.tlog\link.write.1.tlog
