  1.c
E:\C语言\进厂\Todo_C_1_4\1.c(11,9): warning C4477: “printf”: 格式字符串“%d”需要类型“int”的参数，但可变参数 1 拥有了类型“size_t”
      E:\C语言\进厂\Todo_C_1_4\1.c(11,9):
      请考虑在格式字符串中使用“%zd”
  
E:\C语言\进厂\Todo_C_1_4\1.c(12,9): warning C4477: “printf”: 格式字符串“%d”需要类型“int”的参数，但可变参数 1 拥有了类型“size_t”
      E:\C语言\进厂\Todo_C_1_4\1.c(12,9):
      请考虑在格式字符串中使用“%zd”
  
E:\C语言\进厂\Todo_C_1_4\1.c(13,9): warning C4477: “printf”: 格式字符串“%d”需要类型“int”的参数，但可变参数 1 拥有了类型“size_t”
      E:\C语言\进厂\Todo_C_1_4\1.c(13,9):
      请考虑在格式字符串中使用“%zd”
  
E:\C语言\进厂\Todo_C_1_4\1.c(14,9): warning C4477: “printf”: 格式字符串“%d”需要类型“int”的参数，但可变参数 1 拥有了类型“size_t”
      E:\C语言\进厂\Todo_C_1_4\1.c(14,9):
      请考虑在格式字符串中使用“%zd”
  
E:\C语言\进厂\Todo_C_1_4\1.c(15,9): warning C4477: “printf”: 格式字符串“%d”需要类型“int”的参数，但可变参数 1 拥有了类型“size_t”
      E:\C语言\进厂\Todo_C_1_4\1.c(15,9):
      请考虑在格式字符串中使用“%zd”
  
E:\C语言\进厂\Todo_C_1_4\1.c(16,9): warning C4477: “printf”: 格式字符串“%d”需要类型“int”的参数，但可变参数 1 拥有了类型“size_t”
      E:\C语言\进厂\Todo_C_1_4\1.c(16,9):
      请考虑在格式字符串中使用“%zd”
  
E:\C语言\进厂\Todo_C_1_4\1.c(17,9): warning C4477: “printf”: 格式字符串“%d”需要类型“int”的参数，但可变参数 1 拥有了类型“size_t”
      E:\C语言\进厂\Todo_C_1_4\1.c(17,9):
      请考虑在格式字符串中使用“%zd”
  
E:\C语言\进厂\Todo_C_1_4\1.c(18,9): warning C4477: “printf”: 格式字符串“%d”需要类型“int”的参数，但可变参数 1 拥有了类型“size_t”
      E:\C语言\进厂\Todo_C_1_4\1.c(18,9):
      请考虑在格式字符串中使用“%zd”
  
  2.c
  3.c
  正在生成代码...
