e:\c语言\进厂\1.1\x64\debug\vc143.pdb
e:\c语言\进厂\1.1\x64\debug\vc143.idb
e:\c语言\进厂\1.1\x64\debug\2.obj
e:\c语言\进厂\1.1\x64\debug\1.obj
e:\c语言\进厂\1.1\x64\debug\变量.obj
e:\c语言\进厂\1.1\x64\debug\清除键盘缓冲区.obj
e:\c语言\进厂\1.1\x64\debug\随机数.obj
e:\c语言\进厂\1.1\x64\debug\密码强弱.obj
e:\c语言\进厂\1.1\x64\debug\开始.ilk
e:\c语言\进厂\1.1\x64\debug\1.1.ilk
e:\c语言\进厂\x64\debug\开始.pdb
e:\c语言\进厂\1.1\x64\debug\开始.tlog\cl.command.1.tlog
e:\c语言\进厂\1.1\x64\debug\开始.tlog\cl.items.tlog
e:\c语言\进厂\1.1\x64\debug\开始.tlog\cl.read.1.tlog
e:\c语言\进厂\1.1\x64\debug\开始.tlog\cl.write.1.tlog
e:\c语言\进厂\1.1\x64\debug\开始.tlog\link-cvtres.read.1.tlog
e:\c语言\进厂\1.1\x64\debug\开始.tlog\link-cvtres.write.1.tlog
e:\c语言\进厂\1.1\x64\debug\开始.tlog\link-rc.read.1.tlog
e:\c语言\进厂\1.1\x64\debug\开始.tlog\link-rc.write.1.tlog
e:\c语言\进厂\1.1\x64\debug\开始.tlog\link.command.1.tlog
e:\c语言\进厂\1.1\x64\debug\开始.tlog\link.read.1.tlog
e:\c语言\进厂\1.1\x64\debug\开始.tlog\link.read.2.tlog
e:\c语言\进厂\1.1\x64\debug\开始.tlog\link.read.3.tlog
e:\c语言\进厂\1.1\x64\debug\开始.tlog\link.read.4.tlog
e:\c语言\进厂\1.1\x64\debug\开始.tlog\link.read.5.tlog
e:\c语言\进厂\1.1\x64\debug\开始.tlog\link.read.6.tlog
e:\c语言\进厂\1.1\x64\debug\开始.tlog\link.secondary.1.tlog
e:\c语言\进厂\1.1\x64\debug\开始.tlog\link.write.1.tlog
