e:\c语言\c_1_1_homework\debug\vc143.pdb
e:\c语言\c_1_1_homework\debug\vc143.idb
e:\c语言\c_1_1_homework\debug\10.obj
e:\c语言\c_1_1_homework\debug\09.obj
e:\c语言\c_1_1_homework\debug\08.obj
e:\c语言\c_1_1_homework\debug\07.obj
e:\c语言\c_1_1_homework\debug\06_2.obj
e:\c语言\c_1_1_homework\debug\06.obj
e:\c语言\c_1_1_homework\debug\05.obj
e:\c语言\c_1_1_homework\debug\04.obj
e:\c语言\c_1_1_homework\debug\03.obj
e:\c语言\c_1_1_homework\debug\02.obj
e:\c语言\c_1_1_homework\debug\01.obj
e:\c语言\进厂\debug\c_1_1_homework.pdb
e:\c语言\c_1_1_homework\debug\c_1_1_homework.tlog\cl.command.1.tlog
e:\c语言\c_1_1_homework\debug\c_1_1_homework.tlog\cl.read.1.tlog
e:\c语言\c_1_1_homework\debug\c_1_1_homework.tlog\cl.write.1.tlog
e:\c语言\c_1_1_homework\debug\c_1_1_homework.tlog\link-cvtres.read.1.tlog
e:\c语言\c_1_1_homework\debug\c_1_1_homework.tlog\link-cvtres.write.1.tlog
e:\c语言\c_1_1_homework\debug\c_1_1_homework.tlog\link-rc.read.1.tlog
e:\c语言\c_1_1_homework\debug\c_1_1_homework.tlog\link-rc.write.1.tlog
e:\c语言\c_1_1_homework\debug\c_1_1_homework.tlog\link.command.1.tlog
e:\c语言\c_1_1_homework\debug\c_1_1_homework.tlog\link.read.1.tlog
e:\c语言\c_1_1_homework\debug\c_1_1_homework.tlog\link.write.1.tlog
