e:\c语言\c_1_3\debug\vc143.pdb
e:\c语言\c_1_3\debug\vc143.idb
e:\c语言\c_1_3\debug\随机取数四位.obj
e:\c语言\c_1_3\debug\06.obj
e:\c语言\c_1_3\debug\05.obj
e:\c语言\c_1_3\debug\04.obj
e:\c语言\c_1_3\debug\03.obj
e:\c语言\c_1_3\debug\02.obj
e:\c语言\c_1_3\debug\01.obj
e:\c语言\进厂\debug\c_1_3.exe
e:\c语言\进厂\debug\c_1_3.pdb
e:\c语言\c_1_3\debug\c_1_3.ilk
e:\c语言\c_1_3\debug\c_1_3.tlog\cl.command.1.tlog
e:\c语言\c_1_3\debug\c_1_3.tlog\cl.items.tlog
e:\c语言\c_1_3\debug\c_1_3.tlog\cl.read.1.tlog
e:\c语言\c_1_3\debug\c_1_3.tlog\cl.write.1.tlog
e:\c语言\c_1_3\debug\c_1_3.tlog\link.command.1.tlog
e:\c语言\c_1_3\debug\c_1_3.tlog\link.read.1.tlog
e:\c语言\c_1_3\debug\c_1_3.tlog\link.secondary.1.tlog
e:\c语言\c_1_3\debug\c_1_3.tlog\link.write.1.tlog
