d:\colin工作\体验课\2022体验课\easyx_绘图\4图像处理\debug\vc142.pdb
d:\colin工作\体验课\2022体验课\easyx_绘图\4图像处理\debug\vc142.idb
d:\colin工作\体验课\2022体验课\easyx_绘图\4图像处理\debug\07扩展_图片透明.obj
d:\colin工作\体验课\2022体验课\easyx_绘图\4图像处理\debug\06扩展_图片透明度.obj
d:\colin工作\体验课\2022体验课\easyx_绘图\4图像处理\debug\05截图保存.obj
d:\colin工作\体验课\2022体验课\easyx_绘图\4图像处理\debug\04窗口截图.obj
d:\colin工作\体验课\2022体验课\easyx_绘图\4图像处理\debug\03旋转绘制.obj
d:\colin工作\体验课\2022体验课\easyx_绘图\4图像处理\debug\02绘制图像.obj
d:\colin工作\体验课\2022体验课\easyx_绘图\4图像处理\debug\01加载图像.obj
d:\desktop\贪吃蛇c项目\easyx教程代码\4图像处理\debug\vc142.pdb
d:\desktop\贪吃蛇c项目\easyx教程代码\4图像处理\debug\vc142.idb
d:\desktop\贪吃蛇c项目\easyx教程代码\4图像处理\debug\07扩展_图片透明.obj
d:\desktop\贪吃蛇c项目\easyx教程代码\4图像处理\debug\06扩展_图片透明度.obj
d:\desktop\贪吃蛇c项目\easyx教程代码\4图像处理\debug\05截图保存.obj
d:\desktop\贪吃蛇c项目\easyx教程代码\4图像处理\debug\04窗口截图.obj
d:\desktop\贪吃蛇c项目\easyx教程代码\4图像处理\debug\03旋转绘制.obj
d:\desktop\贪吃蛇c项目\easyx教程代码\4图像处理\debug\02绘制图像.obj
d:\desktop\贪吃蛇c项目\easyx教程代码\4图像处理\debug\01加载图像.obj
d:\colin工作\体验课\2022体验课\easyx_绘图\debug\04图像处理.exe
d:\colin工作\体验课\2022体验课\easyx_绘图\4图像处理\debug\04图像处理.ilk
d:\colin工作\体验课\2022体验课\easyx_绘图\debug\04图像处理.pdb
d:\desktop\贪吃蛇c项目\easyx教程代码\4图像处理\debug\04图像处理.ilk
d:\20200423\c语言技术体系\debug\04图像处理.exe
d:\20200423\c语言技术体系\debug\04图像处理.pdb
e:\c语言\进厂\easyx教程代码\4图像处理\debug\01加载图像.obj
e:\c语言\进厂\easyx教程代码\4图像处理\debug\02绘制图像.obj
e:\c语言\进厂\easyx教程代码\4图像处理\debug\03旋转绘制.obj
e:\c语言\进厂\easyx教程代码\4图像处理\debug\04窗口截图.obj
e:\c语言\进厂\easyx教程代码\4图像处理\debug\05截图保存.obj
e:\c语言\进厂\easyx教程代码\4图像处理\debug\06扩展_图片透明度.obj
e:\c语言\进厂\easyx教程代码\4图像处理\debug\07扩展_图片透明.obj
e:\c语言\进厂\easyx教程代码\4图像处理\debug\04图像处理.ilk
e:\c语言\进厂\easyx教程代码\4图像处理\debug\vc142.idb
e:\c语言\进厂\easyx教程代码\4图像处理\debug\vc142.pdb
e:\c语言\进厂\easyx教程代码\4图像处理\debug\04图像处理.tlog\cl.command.1.tlog
e:\c语言\进厂\easyx教程代码\4图像处理\debug\04图像处理.tlog\cl.read.1.tlog
e:\c语言\进厂\easyx教程代码\4图像处理\debug\04图像处理.tlog\cl.write.1.tlog
e:\c语言\进厂\easyx教程代码\4图像处理\debug\04图像处理.tlog\link.command.1.tlog
e:\c语言\进厂\easyx教程代码\4图像处理\debug\04图像处理.tlog\link.read.1.tlog
e:\c语言\进厂\easyx教程代码\4图像处理\debug\04图像处理.tlog\link.write.1.tlog
