e:\c语言\进厂\todo_c_1_1\x64\debug\vc143.pdb
e:\c语言\进厂\todo_c_1_1\x64\debug\vc143.idb
e:\c语言\进厂\todo_c_1_1\x64\debug\zy4.obj
e:\c语言\进厂\todo_c_1_1\x64\debug\zy3.obj
e:\c语言\进厂\todo_c_1_1\x64\debug\zy2.obj
e:\c语言\进厂\todo_c_1_1\x64\debug\zy1.obj
e:\c语言\进厂\todo_c_1_1\x64\debug\qh3.obj
e:\c语言\进厂\todo_c_1_1\x64\debug\qh2.obj
e:\c语言\进厂\todo_c_1_1\x64\debug\qh1.obj
e:\c语言\进厂\x64\debug\todo_c_1_1.exe
e:\c语言\进厂\x64\debug\todo_c_1_1.pdb
e:\c语言\进厂\todo_c_1_1\x64\debug\todo_c_1_1.ilk
e:\c语言\进厂\todo_c_1_1\x64\debug\todo_c_1_1.tlog\cl.command.1.tlog
e:\c语言\进厂\todo_c_1_1\x64\debug\todo_c_1_1.tlog\cl.items.tlog
e:\c语言\进厂\todo_c_1_1\x64\debug\todo_c_1_1.tlog\cl.read.1.tlog
e:\c语言\进厂\todo_c_1_1\x64\debug\todo_c_1_1.tlog\cl.write.1.tlog
e:\c语言\进厂\todo_c_1_1\x64\debug\todo_c_1_1.tlog\link.command.1.tlog
e:\c语言\进厂\todo_c_1_1\x64\debug\todo_c_1_1.tlog\link.read.1.tlog
e:\c语言\进厂\todo_c_1_1\x64\debug\todo_c_1_1.tlog\link.secondary.1.tlog
e:\c语言\进厂\todo_c_1_1\x64\debug\todo_c_1_1.tlog\link.write.1.tlog
