e:\c语言\c_1_2\debug\vc143.pdb
e:\c语言\c_1_2\debug\vc143.idb
e:\c语言\c_1_2\debug\211.obj
e:\c语言\c_1_2\debug\210.obj
e:\c语言\c_1_2\debug\209.obj
e:\c语言\c_1_2\debug\208.obj
e:\c语言\c_1_2\debug\207.obj
e:\c语言\c_1_2\debug\206.obj
e:\c语言\c_1_2\debug\205.obj
e:\c语言\c_1_2\debug\204.obj
e:\c语言\c_1_2\debug\203.obj
e:\c语言\c_1_2\debug\202.obj
e:\c语言\c_1_2\debug\201.obj
e:\c语言\c_1_2\debug\16_图形to代码.obj
e:\c语言\c_1_2\debug\15_图形to代码.obj
e:\c语言\c_1_2\debug\14_图形to代码.obj
e:\c语言\c_1_2\debug\13_图形to代码.obj
e:\c语言\c_1_2\debug\12_图形to代码.obj
e:\c语言\c_1_2\debug\11_图形to代码.obj
e:\c语言\c_1_2\debug\02_速度.obj
e:\c语言\c_1_2\debug\01_规格.obj
e:\c语言\进厂\debug\c_1_2.pdb
e:\c语言\c_1_2\debug\c_1_2.tlog\cl.command.1.tlog
e:\c语言\c_1_2\debug\c_1_2.tlog\cl.read.1.tlog
e:\c语言\c_1_2\debug\c_1_2.tlog\cl.write.1.tlog
e:\c语言\c_1_2\debug\c_1_2.tlog\link-cvtres.read.1.tlog
e:\c语言\c_1_2\debug\c_1_2.tlog\link-cvtres.write.1.tlog
e:\c语言\c_1_2\debug\c_1_2.tlog\link-rc.read.1.tlog
e:\c语言\c_1_2\debug\c_1_2.tlog\link-rc.write.1.tlog
e:\c语言\c_1_2\debug\c_1_2.tlog\link.command.1.tlog
e:\c语言\c_1_2\debug\c_1_2.tlog\link.read.1.tlog
e:\c语言\c_1_2\debug\c_1_2.tlog\link.write.1.tlog
