e:\c语言\c_1_2_homework\debug\vc143.pdb
e:\c语言\c_1_2_homework\debug\vc143.idb
e:\c语言\c_1_2_homework\debug\211.obj
e:\c语言\c_1_2_homework\debug\210.obj
e:\c语言\c_1_2_homework\debug\209.obj
e:\c语言\c_1_2_homework\debug\208.obj
e:\c语言\c_1_2_homework\debug\207.obj
e:\c语言\c_1_2_homework\debug\206.obj
e:\c语言\c_1_2_homework\debug\205.obj
e:\c语言\c_1_2_homework\debug\204.obj
e:\c语言\c_1_2_homework\debug\203.obj
e:\c语言\c_1_2_homework\debug\202.obj
e:\c语言\c_1_2_homework\debug\201.obj
e:\c语言\进厂\debug\c_1_2_homework.pdb
e:\c语言\c_1_2_homework\debug\c_1_2_homework.tlog\cl.command.1.tlog
e:\c语言\c_1_2_homework\debug\c_1_2_homework.tlog\cl.read.1.tlog
e:\c语言\c_1_2_homework\debug\c_1_2_homework.tlog\cl.write.1.tlog
e:\c语言\c_1_2_homework\debug\c_1_2_homework.tlog\link-cvtres.read.1.tlog
e:\c语言\c_1_2_homework\debug\c_1_2_homework.tlog\link-cvtres.write.1.tlog
e:\c语言\c_1_2_homework\debug\c_1_2_homework.tlog\link-rc.read.1.tlog
e:\c语言\c_1_2_homework\debug\c_1_2_homework.tlog\link-rc.write.1.tlog
e:\c语言\c_1_2_homework\debug\c_1_2_homework.tlog\link.command.1.tlog
e:\c语言\c_1_2_homework\debug\c_1_2_homework.tlog\link.read.1.tlog
e:\c语言\c_1_2_homework\debug\c_1_2_homework.tlog\link.write.1.tlog
